[     594ms] [ERROR] Failed to load resource: the server responded with a status of 500 () @ https://crm-dermotec.vercel.app/login:0
[    1397ms] [ERROR] Applying inline style violates the following Content Security Policy directive 'style-src 'self' 'nonce-FqfikGCMwijgRWsLG4onBg==' https://fonts.googleapis.com https://gc.kis.v2.scr.kaspersky-labs.com wss://gc.kis.v2.scr.kaspersky-labs.com'. Either the 'unsafe-inline' keyword, a hash ('sha256-47DEQpj8HBSa+/TImW+5JCeuQeRkm5NMpJWZG3hSuFU='), or a nonce ('nonce-...') is required to enable inline execution. The action has been blocked. @ https://crm-dermotec.vercel.app/_next/static/chunks/8720-6c3c0c904bca3f2e.js:0
[    1398ms] [ERROR] Applying inline style violates the following Content Security Policy directive 'style-src 'self' 'nonce-FqfikGCMwijgRWsLG4onBg==' https://fonts.googleapis.com https://gc.kis.v2.scr.kaspersky-labs.com wss://gc.kis.v2.scr.kaspersky-labs.com'. Either the 'unsafe-inline' keyword, a hash ('sha256-CIxDM5jnsGiKqXs2v7NKCY5MzdR9gu6TtiMJrDw29AY='), or a nonce ('nonce-...') is required to enable inline execution. The action has been blocked. @ https://crm-dermotec.vercel.app/_next/static/chunks/8720-6c3c0c904bca3f2e.js:0
[    1473ms] [ERROR] [Supabase] Variables d'environnement non configurées.
Créez un fichier .env.local avec :
  NEXT_PUBLIC_SUPABASE_URL=https://votre-projet.supabase.co
  NEXT_PUBLIC_SUPABASE_ANON_KEY=votre-clé-anon
Les mutations (créer, modifier, supprimer) ne fonctionneront pas. @ https://crm-dermotec.vercel.app/_next/static/chunks/app/(auth)/login/page-950e82b33d5338c9.js:0
[    1657ms] [ERROR] Error: Invalid supabaseUrl: Must be a valid HTTP or HTTPS URL.
    at https://crm-dermotec.vercel.app/_next/static/chunks/7641-db14ae972d0f2bc1.js:37:47030
    at new ro (https://crm-dermotec.vercel.app/_next/static/chunks/7641-db14ae972d0f2bc1.js:37:47212)
    at rk (https://crm-dermotec.vercel.app/_next/static/chunks/7641-db14ae972d0f2bc1.js:37:59946)
    at l (https://crm-dermotec.vercel.app/_next/static/chunks/app/(auth)/login/page-950e82b33d5338c9.js:1:11799)
    at m (https://crm-dermotec.vercel.app/_next/static/chunks/app/(auth)/login/page-950e82b33d5338c9.js:1:1979)
    at l9 (https://crm-dermotec.vercel.app/_next/static/chunks/4bd1b696-100b9d70ed4e49c1.js:1:51130)
    at o_ (https://crm-dermotec.vercel.app/_next/static/chunks/4bd1b696-100b9d70ed4e49c1.js:1:70990)
    at oq (https://crm-dermotec.vercel.app/_next/static/chunks/4bd1b696-100b9d70ed4e49c1.js:1:82020)
    at ik (https://crm-dermotec.vercel.app/_next/static/chunks/4bd1b696-100b9d70ed4e49c1.js:1:114682)
    at https://crm-dermotec.vercel.app/_next/static/chunks/4bd1b696-100b9d70ed4e49c1.js:1:114527 @ https://crm-dermotec.vercel.app/_next/static/chunks/1255-f8a8fe852c7e1df2.js:0
[    1923ms] [ERROR] Failed to load resource: the server responded with a status of 404 () @ https://crm-dermotec.vercel.app/favicon.ico:0
